<?xml version="1.0" encoding="UTF-8"?>
<testsuite xmlns:xsi="http://www.w3.org/2001/XMLSchema-instance" xsi:noNamespaceSchemaLocation="https://maven.apache.org/surefire/maven-surefire-plugin/xsd/surefire-test-report.xsd" name="biblioteca.control.BibliotecaCtrlTest" time="0.031" tests="8" errors="0" skipped="0" failures="1">
  <properties>
    <property name="sun.desktop" value="gnome"/>
    <property name="awt.toolkit" value="sun.awt.X11.XToolkit"/>
    <property name="file.encoding.pkg" value="sun.io"/>
    <property name="java.specification.version" value="1.8"/>
    <property name="sun.cpu.isalist" value=""/>
    <property name="sun.jnu.encoding" value="UTF-8"/>
    <property name="java.class.path" value="/home/johnpaul/an3/vvss/repo/VVSS/Labs/Lab01/target/test-classes:/home/johnpaul/an3/vvss/repo/VVSS/Labs/Lab01/target/classes:/home/johnpaul/.m2/repository/junit/junit/4.12/junit-4.12.jar:/home/johnpaul/.m2/repository/org/hamcrest/hamcrest-core/1.3/hamcrest-core-1.3.jar:/home/johnpaul/.m2/repository/org/apache/maven/plugins/maven-failsafe-plugin/2.18.1/maven-failsafe-plugin-2.18.1.jar:/home/johnpaul/.m2/repository/org/apache/maven/maven-plugin-api/2.2.1/maven-plugin-api-2.2.1.jar:/home/johnpaul/.m2/repository/org/apache/maven/surefire/maven-surefire-common/2.18.1/maven-surefire-common-2.18.1.jar:/home/johnpaul/.m2/repository/org/apache/maven/surefire/surefire-booter/2.18.1/surefire-booter-2.18.1.jar:/home/johnpaul/.m2/repository/org/apache/maven/maven-artifact/2.2.1/maven-artifact-2.2.1.jar:/home/johnpaul/.m2/repository/org/codehaus/plexus/plexus-utils/1.5.15/plexus-utils-1.5.15.jar:/home/johnpaul/.m2/repository/org/apache/maven/maven-plugin-descriptor/2.2.1/maven-plugin-descriptor-2.2.1.jar:/home/johnpaul/.m2/repository/org/codehaus/plexus/plexus-container-default/1.0-alpha-9-stable-1/plexus-container-default-1.0-alpha-9-stable-1.jar:/home/johnpaul/.m2/repository/org/apache/maven/maven-project/2.2.1/maven-project-2.2.1.jar:/home/johnpaul/.m2/repository/org/apache/maven/maven-settings/2.2.1/maven-settings-2.2.1.jar:/home/johnpaul/.m2/repository/org/apache/maven/maven-profile/2.2.1/maven-profile-2.2.1.jar:/home/johnpaul/.m2/repository/org/apache/maven/maven-artifact-manager/2.2.1/maven-artifact-manager-2.2.1.jar:/home/johnpaul/.m2/repository/backport-util-concurrent/backport-util-concurrent/3.1/backport-util-concurrent-3.1.jar:/home/johnpaul/.m2/repository/org/apache/maven/maven-plugin-registry/2.2.1/maven-plugin-registry-2.2.1.jar:/home/johnpaul/.m2/repository/org/codehaus/plexus/plexus-interpolation/1.11/plexus-interpolation-1.11.jar:/home/johnpaul/.m2/repository/org/apache/maven/maven-model/2.2.1/maven-model-2.2.1.jar:/home/johnpaul/.m2/repository/org/apache/maven/maven-core/2.2.1/maven-core-2.2.1.jar:/home/johnpaul/.m2/repository/org/apache/maven/maven-plugin-parameter-documenter/2.2.1/maven-plugin-parameter-documenter-2.2.1.jar:/home/johnpaul/.m2/repository/org/apache/maven/wagon/wagon-http/1.0-beta-6/wagon-http-1.0-beta-6.jar:/home/johnpaul/.m2/repository/org/apache/maven/wagon/wagon-http-shared/1.0-beta-6/wagon-http-shared-1.0-beta-6.jar:/home/johnpaul/.m2/repository/nekohtml/xercesMinimal/1.9.6.2/xercesMinimal-1.9.6.2.jar:/home/johnpaul/.m2/repository/nekohtml/nekohtml/1.9.6.2/nekohtml-1.9.6.2.jar:/home/johnpaul/.m2/repository/commons-httpclient/commons-httpclient/3.1/commons-httpclient-3.1.jar:/home/johnpaul/.m2/repository/commons-codec/commons-codec/1.2/commons-codec-1.2.jar:/home/johnpaul/.m2/repository/org/apache/maven/wagon/wagon-webdav-jackrabbit/1.0-beta-6/wagon-webdav-jackrabbit-1.0-beta-6.jar:/home/johnpaul/.m2/repository/org/apache/jackrabbit/jackrabbit-webdav/1.5.0/jackrabbit-webdav-1.5.0.jar:/home/johnpaul/.m2/repository/org/apache/jackrabbit/jackrabbit-jcr-commons/1.5.0/jackrabbit-jcr-commons-1.5.0.jar:/home/johnpaul/.m2/repository/org/slf4j/slf4j-nop/1.5.3/slf4j-nop-1.5.3.jar:/home/johnpaul/.m2/repository/org/slf4j/slf4j-jdk14/1.5.6/slf4j-jdk14-1.5.6.jar:/home/johnpaul/.m2/repository/org/slf4j/slf4j-api/1.5.6/slf4j-api-1.5.6.jar:/home/johnpaul/.m2/repository/org/slf4j/jcl-over-slf4j/1.5.6/jcl-over-slf4j-1.5.6.jar:/home/johnpaul/.m2/repository/org/apache/maven/reporting/maven-reporting-api/2.2.1/maven-reporting-api-2.2.1.jar:/home/johnpaul/.m2/repository/org/apache/maven/doxia/doxia-logging-api/1.1/doxia-logging-api-1.1.jar:/home/johnpaul/.m2/repository/org/apache/maven/wagon/wagon-provider-api/1.0-beta-6/wagon-provider-api-1.0-beta-6.jar:/home/johnpaul/.m2/repository/org/apache/maven/maven-repository-metadata/2.2.1/maven-repository-metadata-2.2.1.jar:/home/johnpaul/.m2/repository/org/apache/maven/maven-error-diagnostics/2.2.1/maven-error-diagnostics-2.2.1.jar:/home/johnpaul/.m2/repository/org/apache/maven/maven-monitor/2.2.1/maven-monitor-2.2.1.jar:/home/johnpaul/.m2/repository/classworlds/classworlds/1.1/classworlds-1.1.jar:/home/johnpaul/.m2/repository/org/sonatype/plexus/plexus-sec-dispatcher/1.3/plexus-sec-dispatcher-1.3.jar:/home/johnpaul/.m2/repository/org/sonatype/plexus/plexus-cipher/1.4/plexus-cipher-1.4.jar:/home/johnpaul/.m2/repository/org/apache/maven/maven-toolchain/2.2.1/maven-toolchain-2.2.1.jar:/home/johnpaul/.m2/repository/org/apache/commons/commons-lang3/3.1/commons-lang3-3.1.jar:/home/johnpaul/.m2/repository/org/apache/maven/surefire/surefire-api/2.18.1/surefire-api-2.18.1.jar:/home/johnpaul/.m2/repository/org/apache/maven/plugin-tools/maven-plugin-annotations/3.3/maven-plugin-annotations-3.3.jar:"/>
    <property name="java.vm.vendor" value="Oracle Corporation"/>
    <property name="sun.arch.data.model" value="64"/>
    <property name="java.vendor.url" value="http://java.oracle.com/"/>
    <property name="user.timezone" value=""/>
    <property name="java.vm.specification.version" value="1.8"/>
    <property name="os.name" value="Linux"/>
    <property name="user.country" value="US"/>
    <property name="sun.java.launcher" value="SUN_STANDARD"/>
    <property name="sun.boot.library.path" value="/home/johnpaul/Programs/jdk/jdk1.8.0_181/jre/lib/amd64"/>
    <property name="sun.java.command" value="/home/johnpaul/an3/vvss/repo/VVSS/Labs/Lab01/target/surefire/surefirebooter7801927031400523674.jar /home/johnpaul/an3/vvss/repo/VVSS/Labs/Lab01/target/surefire 2019-04-02T18-29-21_031-jvmRun1 surefire1922543121611174006tmp surefire_0739400772637644984tmp"/>
    <property name="surefire.test.class.path" value="/home/johnpaul/an3/vvss/repo/VVSS/Labs/Lab01/target/test-classes:/home/johnpaul/an3/vvss/repo/VVSS/Labs/Lab01/target/classes:/home/johnpaul/.m2/repository/junit/junit/4.12/junit-4.12.jar:/home/johnpaul/.m2/repository/org/hamcrest/hamcrest-core/1.3/hamcrest-core-1.3.jar:/home/johnpaul/.m2/repository/org/apache/maven/plugins/maven-failsafe-plugin/2.18.1/maven-failsafe-plugin-2.18.1.jar:/home/johnpaul/.m2/repository/org/apache/maven/maven-plugin-api/2.2.1/maven-plugin-api-2.2.1.jar:/home/johnpaul/.m2/repository/org/apache/maven/surefire/maven-surefire-common/2.18.1/maven-surefire-common-2.18.1.jar:/home/johnpaul/.m2/repository/org/apache/maven/surefire/surefire-booter/2.18.1/surefire-booter-2.18.1.jar:/home/johnpaul/.m2/repository/org/apache/maven/maven-artifact/2.2.1/maven-artifact-2.2.1.jar:/home/johnpaul/.m2/repository/org/codehaus/plexus/plexus-utils/1.5.15/plexus-utils-1.5.15.jar:/home/johnpaul/.m2/repository/org/apache/maven/maven-plugin-descriptor/2.2.1/maven-plugin-descriptor-2.2.1.jar:/home/johnpaul/.m2/repository/org/codehaus/plexus/plexus-container-default/1.0-alpha-9-stable-1/plexus-container-default-1.0-alpha-9-stable-1.jar:/home/johnpaul/.m2/repository/org/apache/maven/maven-project/2.2.1/maven-project-2.2.1.jar:/home/johnpaul/.m2/repository/org/apache/maven/maven-settings/2.2.1/maven-settings-2.2.1.jar:/home/johnpaul/.m2/repository/org/apache/maven/maven-profile/2.2.1/maven-profile-2.2.1.jar:/home/johnpaul/.m2/repository/org/apache/maven/maven-artifact-manager/2.2.1/maven-artifact-manager-2.2.1.jar:/home/johnpaul/.m2/repository/backport-util-concurrent/backport-util-concurrent/3.1/backport-util-concurrent-3.1.jar:/home/johnpaul/.m2/repository/org/apache/maven/maven-plugin-registry/2.2.1/maven-plugin-registry-2.2.1.jar:/home/johnpaul/.m2/repository/org/codehaus/plexus/plexus-interpolation/1.11/plexus-interpolation-1.11.jar:/home/johnpaul/.m2/repository/org/apache/maven/maven-model/2.2.1/maven-model-2.2.1.jar:/home/johnpaul/.m2/repository/org/apache/maven/maven-core/2.2.1/maven-core-2.2.1.jar:/home/johnpaul/.m2/repository/org/apache/maven/maven-plugin-parameter-documenter/2.2.1/maven-plugin-parameter-documenter-2.2.1.jar:/home/johnpaul/.m2/repository/org/apache/maven/wagon/wagon-http/1.0-beta-6/wagon-http-1.0-beta-6.jar:/home/johnpaul/.m2/repository/org/apache/maven/wagon/wagon-http-shared/1.0-beta-6/wagon-http-shared-1.0-beta-6.jar:/home/johnpaul/.m2/repository/nekohtml/xercesMinimal/1.9.6.2/xercesMinimal-1.9.6.2.jar:/home/johnpaul/.m2/repository/nekohtml/nekohtml/1.9.6.2/nekohtml-1.9.6.2.jar:/home/johnpaul/.m2/repository/commons-httpclient/commons-httpclient/3.1/commons-httpclient-3.1.jar:/home/johnpaul/.m2/repository/commons-codec/commons-codec/1.2/commons-codec-1.2.jar:/home/johnpaul/.m2/repository/org/apache/maven/wagon/wagon-webdav-jackrabbit/1.0-beta-6/wagon-webdav-jackrabbit-1.0-beta-6.jar:/home/johnpaul/.m2/repository/org/apache/jackrabbit/jackrabbit-webdav/1.5.0/jackrabbit-webdav-1.5.0.jar:/home/johnpaul/.m2/repository/org/apache/jackrabbit/jackrabbit-jcr-commons/1.5.0/jackrabbit-jcr-commons-1.5.0.jar:/home/johnpaul/.m2/repository/org/slf4j/slf4j-nop/1.5.3/slf4j-nop-1.5.3.jar:/home/johnpaul/.m2/repository/org/slf4j/slf4j-jdk14/1.5.6/slf4j-jdk14-1.5.6.jar:/home/johnpaul/.m2/repository/org/slf4j/slf4j-api/1.5.6/slf4j-api-1.5.6.jar:/home/johnpaul/.m2/repository/org/slf4j/jcl-over-slf4j/1.5.6/jcl-over-slf4j-1.5.6.jar:/home/johnpaul/.m2/repository/org/apache/maven/reporting/maven-reporting-api/2.2.1/maven-reporting-api-2.2.1.jar:/home/johnpaul/.m2/repository/org/apache/maven/doxia/doxia-logging-api/1.1/doxia-logging-api-1.1.jar:/home/johnpaul/.m2/repository/org/apache/maven/wagon/wagon-provider-api/1.0-beta-6/wagon-provider-api-1.0-beta-6.jar:/home/johnpaul/.m2/repository/org/apache/maven/maven-repository-metadata/2.2.1/maven-repository-metadata-2.2.1.jar:/home/johnpaul/.m2/repository/org/apache/maven/maven-error-diagnostics/2.2.1/maven-error-diagnostics-2.2.1.jar:/home/johnpaul/.m2/repository/org/apache/maven/maven-monitor/2.2.1/maven-monitor-2.2.1.jar:/home/johnpaul/.m2/repository/classworlds/classworlds/1.1/classworlds-1.1.jar:/home/johnpaul/.m2/repository/org/sonatype/plexus/plexus-sec-dispatcher/1.3/plexus-sec-dispatcher-1.3.jar:/home/johnpaul/.m2/repository/org/sonatype/plexus/plexus-cipher/1.4/plexus-cipher-1.4.jar:/home/johnpaul/.m2/repository/org/apache/maven/maven-toolchain/2.2.1/maven-toolchain-2.2.1.jar:/home/johnpaul/.m2/repository/org/apache/commons/commons-lang3/3.1/commons-lang3-3.1.jar:/home/johnpaul/.m2/repository/org/apache/maven/surefire/surefire-api/2.18.1/surefire-api-2.18.1.jar:/home/johnpaul/.m2/repository/org/apache/maven/plugin-tools/maven-plugin-annotations/3.3/maven-plugin-annotations-3.3.jar:"/>
    <property name="sun.cpu.endian" value="little"/>
    <property name="user.home" value="/home/johnpaul"/>
    <property name="user.language" value="en"/>
    <property name="java.specification.vendor" value="Oracle Corporation"/>
    <property name="java.home" value="/home/johnpaul/Programs/jdk/jdk1.8.0_181/jre"/>
    <property name="basedir" value="/home/johnpaul/an3/vvss/repo/VVSS/Labs/Lab01"/>
    <property name="file.separator" value="/"/>
    <property name="line.separator" value="&#10;"/>
    <property name="java.vm.specification.vendor" value="Oracle Corporation"/>
    <property name="java.specification.name" value="Java Platform API Specification"/>
    <property name="java.awt.graphicsenv" value="sun.awt.X11GraphicsEnvironment"/>
    <property name="surefire.real.class.path" value="/home/johnpaul/an3/vvss/repo/VVSS/Labs/Lab01/target/surefire/surefirebooter7801927031400523674.jar"/>
    <property name="sun.boot.class.path" value="/home/johnpaul/Programs/jdk/jdk1.8.0_181/jre/lib/resources.jar:/home/johnpaul/Programs/jdk/jdk1.8.0_181/jre/lib/rt.jar:/home/johnpaul/Programs/jdk/jdk1.8.0_181/jre/lib/sunrsasign.jar:/home/johnpaul/Programs/jdk/jdk1.8.0_181/jre/lib/jsse.jar:/home/johnpaul/Programs/jdk/jdk1.8.0_181/jre/lib/jce.jar:/home/johnpaul/Programs/jdk/jdk1.8.0_181/jre/lib/charsets.jar:/home/johnpaul/Programs/jdk/jdk1.8.0_181/jre/lib/jfr.jar:/home/johnpaul/Programs/jdk/jdk1.8.0_181/jre/classes"/>
    <property name="sun.management.compiler" value="HotSpot 64-Bit Tiered Compilers"/>
    <property name="java.runtime.version" value="1.8.0_181-b13"/>
    <property name="user.name" value="johnpaul"/>
    <property name="path.separator" value=":"/>
    <property name="os.version" value="4.4.0-97-generic"/>
    <property name="java.endorsed.dirs" value="/home/johnpaul/Programs/jdk/jdk1.8.0_181/jre/lib/endorsed"/>
    <property name="java.runtime.name" value="Java(TM) SE Runtime Environment"/>
    <property name="file.encoding" value="UTF-8"/>
    <property name="java.vm.name" value="Java HotSpot(TM) 64-Bit Server VM"/>
    <property name="localRepository" value="/home/johnpaul/.m2/repository"/>
    <property name="java.vendor.url.bug" value="http://bugreport.sun.com/bugreport/"/>
    <property name="java.io.tmpdir" value="/tmp"/>
    <property name="idea.version" value="2018.2.2"/>
    <property name="java.version" value="1.8.0_181"/>
    <property name="user.dir" value="/home/johnpaul/an3/vvss/repo/VVSS/Labs/Lab01"/>
    <property name="os.arch" value="amd64"/>
    <property name="java.vm.specification.name" value="Java Virtual Machine Specification"/>
    <property name="java.awt.printerjob" value="sun.print.PSPrinterJob"/>
    <property name="sun.os.patch.level" value="unknown"/>
    <property name="java.library.path" value="/usr/java/packages/lib/amd64:/usr/lib64:/lib64:/lib:/usr/lib"/>
    <property name="java.vm.info" value="mixed mode"/>
    <property name="java.vendor" value="Oracle Corporation"/>
    <property name="java.vm.version" value="25.181-b13"/>
    <property name="java.ext.dirs" value="/home/johnpaul/Programs/jdk/jdk1.8.0_181/jre/lib/ext:/usr/java/packages/lib/ext"/>
    <property name="sun.io.unicode.encoding" value="UnicodeLittle"/>
    <property name="java.class.version" value="52.0"/>
  </properties>
  <testcase name="givenInvalidTitle_whenAddingCarte_exceptionIsThrown" classname="biblioteca.control.BibliotecaCtrlTest" time="0"/>
  <testcase name="givenYear2070_whenAddingCarte_carteIsAdded" classname="biblioteca.control.BibliotecaCtrlTest" time="0.005">
    <failure message="expected:&lt;1997&gt; but was:&lt;2070&gt;" type="java.lang.AssertionError"><![CDATA[java.lang.AssertionError: expected:<1997> but was:<2070>
	at biblioteca.control.BibliotecaCtrlTest.assertBooksEquals(BibliotecaCtrlTest.java:102)
	at biblioteca.control.BibliotecaCtrlTest.givenYear2070_whenAddingCarte_carteIsAdded(BibliotecaCtrlTest.java:89)
]]></failure>
    <system-out><![CDATA[/home/johnpaul/an3/vvss/repo/VVSS/Labs/Lab01/target/classes/
]]></system-out>
  </testcase>
  <testcase name="givenYear2071_whenAddingCarte_carteIsAdded" classname="biblioteca.control.BibliotecaCtrlTest" time="0.001"/>
  <testcase name="givenYear0_whenAddingCarte_carteIsAdded" classname="biblioteca.control.BibliotecaCtrlTest" time="0.001"/>
  <testcase name="givenYear1_whenAddingCarte_carteIsAdded" classname="biblioteca.control.BibliotecaCtrlTest" time="0.001"/>
  <testcase name="givenInvalidYear_whenAddingCarte_exceptionIsThrown" classname="biblioteca.control.BibliotecaCtrlTest" time="0"/>
  <testcase name="givenValidTitleAndYear_whenAddingCarte_carteIsSuccesufullyAdded" classname="biblioteca.control.BibliotecaCtrlTest" time="0.001"/>
  <testcase name="givenYear2072_whenAddingCarte_exceptionIsThrown" classname="biblioteca.control.BibliotecaCtrlTest" time="0"/>
</testsuite>